<?xml version="1.0" encoding="UTF-8"?>
<testsuite name="com.lyg.eatgo.application.MenuItemServiceTest" tests="1" skipped="0" failures="0" errors="0" timestamp="2022-12-04T09:15:43" hostname="DESKTOP-E38CFI3" time="0.287">
  <properties/>
  <testcase name="bulkUpdate()" classname="com.lyg.eatgo.application.MenuItemServiceTest" time="0.287"/>
  <system-out><![CDATA[]]></system-out>
  <system-err><![CDATA[]]></system-err>
</testsuite>
