<?xml version="1.0" encoding="UTF-8"?>
<testsuite name="com.lyg.eatgo.EatgoApplicationTest" tests="1" skipped="0" failures="0" errors="0" timestamp="2022-11-29T03:25:29" hostname="DESKTOP-E38CFI3" time="0.043">
  <properties/>
  <testcase name="contextLoads()" classname="com.lyg.eatgo.EatgoApplicationTest" time="0.043"/>
  <system-out><![CDATA[12:25:26.675 [Test worker] DEBUG org.springframework.test.context.BootstrapUtils - Instantiating CacheAwareContextLoaderDelegate from class [org.springframework.test.context.cache.DefaultCacheAwareContextLoaderDelegate]
12:25:26.683 [Test worker] DEBUG org.springframework.test.context.BootstrapUtils - Instantiating BootstrapContext using constructor [public org.springframework.test.context.support.DefaultBootstrapContext(java.lang.Class,org.springframework.test.context.CacheAwareContextLoaderDelegate)]
12:25:26.705 [Test worker] DEBUG org.springframework.test.context.BootstrapUtils - Instantiating TestContextBootstrapper for test class [com.lyg.eatgo.EatgoApplicationTest] from class [org.springframework.boot.test.context.SpringBootTestContextBootstrapper]
12:25:26.713 [Test worker] INFO org.springframework.boot.test.context.SpringBootTestContextBootstrapper - Neither @ContextConfiguration nor @ContextHierarchy found for test class [com.lyg.eatgo.EatgoApplicationTest], using SpringBootContextLoader
12:25:26.716 [Test worker] DEBUG org.springframework.test.context.support.AbstractContextLoader - Did not detect default resource location for test class [com.lyg.eatgo.EatgoApplicationTest]: class path resource [com/lyg/eatgo/EatgoApplicationTest-context.xml] does not exist
12:25:26.716 [Test worker] DEBUG org.springframework.test.context.support.AbstractContextLoader - Did not detect default resource location for test class [com.lyg.eatgo.EatgoApplicationTest]: class path resource [com/lyg/eatgo/EatgoApplicationTestContext.groovy] does not exist
12:25:26.716 [Test worker] INFO org.springframework.test.context.support.AbstractContextLoader - Could not detect default resource locations for test class [com.lyg.eatgo.EatgoApplicationTest]: no resource found for suffixes {-context.xml, Context.groovy}.
12:25:26.716 [Test worker] INFO org.springframework.test.context.support.AnnotationConfigContextLoaderUtils - Could not detect default configuration classes for test class [com.lyg.eatgo.EatgoApplicationTest]: EatgoApplicationTest does not declare any static, non-private, non-final, nested classes annotated with @Configuration.
12:25:26.744 [Test worker] DEBUG org.springframework.test.context.support.ActiveProfilesUtils - Could not find an 'annotation declaring class' for annotation type [org.springframework.test.context.ActiveProfiles] and class [com.lyg.eatgo.EatgoApplicationTest]
12:25:26.782 [Test worker] DEBUG org.springframework.context.annotation.ClassPathScanningCandidateComponentProvider - Identified candidate component class: file [D:\DEV\SpringBoot\eatgo\eatgo-api\build\classes\java\main\com\lyg\eatgo\EatgoApplication.class]
12:25:26.783 [Test worker] INFO org.springframework.boot.test.context.SpringBootTestContextBootstrapper - Found @SpringBootConfiguration com.lyg.eatgo.EatgoApplication for test class com.lyg.eatgo.EatgoApplicationTest
12:25:26.853 [Test worker] DEBUG org.springframework.boot.test.context.SpringBootTestContextBootstrapper - @TestExecutionListeners is not present for class [com.lyg.eatgo.EatgoApplicationTest]: using defaults.
12:25:26.853 [Test worker] INFO org.springframework.boot.test.context.SpringBootTestContextBootstrapper - Loaded default TestExecutionListener class names from location [META-INF/spring.factories]: [org.springframework.boot.test.autoconfigure.restdocs.RestDocsTestExecutionListener, org.springframework.boot.test.autoconfigure.web.client.MockRestServiceServerResetTestExecutionListener, org.springframework.boot.test.autoconfigure.web.servlet.MockMvcPrintOnlyOnFailureTestExecutionListener, org.springframework.boot.test.autoconfigure.web.servlet.WebDriverTestExecutionListener, org.springframework.boot.test.autoconfigure.webservices.client.MockWebServiceServerTestExecutionListener, org.springframework.boot.test.mock.mockito.MockitoTestExecutionListener, org.springframework.boot.test.mock.mockito.ResetMocksTestExecutionListener, org.springframework.test.context.web.ServletTestExecutionListener, org.springframework.test.context.support.DirtiesContextBeforeModesTestExecutionListener, org.springframework.test.context.event.ApplicationEventsTestExecutionListener, org.springframework.test.context.support.DependencyInjectionTestExecutionListener, org.springframework.test.context.support.DirtiesContextTestExecutionListener, org.springframework.test.context.transaction.TransactionalTestExecutionListener, org.springframework.test.context.jdbc.SqlScriptsTestExecutionListener, org.springframework.test.context.event.EventPublishingTestExecutionListener]
12:25:26.866 [Test worker] INFO org.springframework.boot.test.context.SpringBootTestContextBootstrapper - Using TestExecutionListeners: [org.springframework.test.context.web.ServletTestExecutionListener@163f0a0, org.springframework.test.context.support.DirtiesContextBeforeModesTestExecutionListener@16548fa, org.springframework.test.context.event.ApplicationEventsTestExecutionListener@198592, org.springframework.boot.test.mock.mockito.MockitoTestExecutionListener@18b2fb6, org.springframework.boot.test.autoconfigure.SpringBootDependencyInjectionTestExecutionListener@1a135d7, org.springframework.test.context.support.DirtiesContextTestExecutionListener@1e9a01, org.springframework.test.context.transaction.TransactionalTestExecutionListener@c7bc85, org.springframework.test.context.jdbc.SqlScriptsTestExecutionListener@9ce34, org.springframework.test.context.event.EventPublishingTestExecutionListener@a250ef, org.springframework.boot.test.autoconfigure.restdocs.RestDocsTestExecutionListener@a80468, org.springframework.boot.test.autoconfigure.web.client.MockRestServiceServerResetTestExecutionListener@16aa3ec, org.springframework.boot.test.autoconfigure.web.servlet.MockMvcPrintOnlyOnFailureTestExecutionListener@1b8b91b, org.springframework.boot.test.autoconfigure.web.servlet.WebDriverTestExecutionListener@1cfad2b, org.springframework.boot.test.autoconfigure.webservices.client.MockWebServiceServerTestExecutionListener@18071be, org.springframework.boot.test.mock.mockito.ResetMocksTestExecutionListener@1c5cca1]
12:25:26.869 [Test worker] DEBUG org.springframework.test.context.support.AbstractDirtiesContextTestExecutionListener - Before test class: context [DefaultTestContext@136815d testClass = EatgoApplicationTest, testInstance = [null], testMethod = [null], testException = [null], mergedContextConfiguration = [WebMergedContextConfiguration@10bd7c0 testClass = EatgoApplicationTest, locations = '{}', classes = '{class com.lyg.eatgo.EatgoApplication}', contextInitializerClasses = '[]', activeProfiles = '{}', propertySourceLocations = '{}', propertySourceProperties = '{org.springframework.boot.test.context.SpringBootTestContextBootstrapper=true}', contextCustomizers = set[org.springframework.boot.test.autoconfigure.actuate.metrics.MetricsExportContextCustomizerFactory$DisableMetricExportContextCustomizer@e94732, org.springframework.boot.test.autoconfigure.properties.PropertyMappingContextCustomizer@0, org.springframework.boot.test.autoconfigure.web.servlet.WebDriverContextCustomizerFactory$Customizer@13bd94d, org.springframework.boot.test.context.filter.ExcludeFilterContextCustomizer@1cd0963, org.springframework.boot.test.json.DuplicateJsonObjectContextCustomizerFactory$DuplicateJsonObjectContextCustomizer@19a6907, org.springframework.boot.test.mock.mockito.MockitoContextCustomizer@0, org.springframework.boot.test.web.client.TestRestTemplateContextCustomizer@1d19265, org.springframework.boot.test.context.SpringBootTestArgs@1, org.springframework.boot.test.context.SpringBootTestWebEnvironment@83f5bc], resourceBasePath = 'src/main/webapp', contextLoader = 'org.springframework.boot.test.context.SpringBootContextLoader', parent = [null]], attributes = map['org.springframework.test.context.web.ServletTestExecutionListener.activateListener' -> true]], class annotated with @DirtiesContext [false] with mode [null].

  .   ____          _            __ _ _
 /\\ / ___'_ __ _ _(_)_ __  __ _ \ \ \ \
( ( )\___ | '_ | '_| | '_ \/ _` | \ \ \ \
 \\/  ___)| |_)| | | | | || (_| |  ) ) ) )
  '  |____| .__|_| |_|_| |_\__, | / / / /
 =========|_|==============|___/=/_/_/_/
 :: Spring Boot ::                (v2.7.5)

2022-11-29 12:25:27.046  INFO 15508 --- [    Test worker] com.lyg.eatgo.EatgoApplicationTest       : Starting EatgoApplicationTest using Java 1.8.0_111 on DESKTOP-E38CFI3 with PID 15508 (started by MS in D:\DEV\SpringBoot\eatgo\eatgo-api)
2022-11-29 12:25:27.047  INFO 15508 --- [    Test worker] com.lyg.eatgo.EatgoApplicationTest       : No active profile set, falling back to 1 default profile: "default"
2022-11-29 12:25:27.420  INFO 15508 --- [    Test worker] .s.d.r.c.RepositoryConfigurationDelegate : Bootstrapping Spring Data JPA repositories in DEFAULT mode.
2022-11-29 12:25:27.451  INFO 15508 --- [    Test worker] .s.d.r.c.RepositoryConfigurationDelegate : Finished Spring Data repository scanning in 24 ms. Found 2 JPA repository interfaces.
2022-11-29 12:25:27.750  INFO 15508 --- [    Test worker] com.zaxxer.hikari.HikariDataSource       : HikariPool-1 - Starting...
2022-11-29 12:25:27.886  INFO 15508 --- [    Test worker] com.zaxxer.hikari.HikariDataSource       : HikariPool-1 - Start completed.
2022-11-29 12:25:27.926  INFO 15508 --- [    Test worker] o.hibernate.jpa.internal.util.LogHelper  : HHH000204: Processing PersistenceUnitInfo [name: default]
2022-11-29 12:25:27.961  INFO 15508 --- [    Test worker] org.hibernate.Version                    : HHH000412: Hibernate ORM core version 5.6.12.Final
2022-11-29 12:25:28.104  INFO 15508 --- [    Test worker] o.hibernate.annotations.common.Version   : HCANN000001: Hibernate Commons Annotations {5.1.2.Final}
2022-11-29 12:25:28.191  INFO 15508 --- [    Test worker] org.hibernate.dialect.Dialect            : HHH000400: Using dialect: org.hibernate.dialect.H2Dialect
2022-11-29 12:25:28.388  INFO 15508 --- [    Test worker] org.hibernate.tuple.PojoInstantiator     : HHH000182: No default (no-argument) constructor for class: com.lyg.eatgo.domain.MenuItem (class must be instantiated by Interceptor)
2022-11-29 12:25:28.576  INFO 15508 --- [    Test worker] o.h.e.t.j.p.i.JtaPlatformInitiator       : HHH000490: Using JtaPlatform implementation: [org.hibernate.engine.transaction.jta.platform.internal.NoJtaPlatform]
2022-11-29 12:25:28.582  INFO 15508 --- [    Test worker] j.LocalContainerEntityManagerFactoryBean : Initialized JPA EntityManagerFactory for persistence unit 'default'
2022-11-29 12:25:28.942  WARN 15508 --- [    Test worker] JpaBaseConfiguration$JpaWebConfiguration : spring.jpa.open-in-view is enabled by default. Therefore, database queries may be performed during view rendering. Explicitly configure spring.jpa.open-in-view to disable this warning
2022-11-29 12:25:29.329  INFO 15508 --- [    Test worker] com.lyg.eatgo.EatgoApplicationTest       : Started EatgoApplicationTest in 2.436 seconds (JVM running for 3.386)
]]></system-out>
  <system-err><![CDATA[]]></system-err>
</testsuite>
