<?xml version="1.0" encoding="UTF-8"?>
<testsuite name="com.lyg.eatgo.application.RestaurantServiceTest" tests="1" skipped="0" failures="0" errors="0" timestamp="2022-11-30T08:06:30" hostname="DESKTOP-E38CFI3" time="0.332">
  <properties/>
  <testcase name="getRestaurantWithNotExisted()" classname="com.lyg.eatgo.application.RestaurantServiceTest" time="0.332"/>
  <system-out><![CDATA[]]></system-out>
  <system-err><![CDATA[]]></system-err>
</testsuite>
