<?xml version="1.0" encoding="UTF-8"?>
<testsuite name="com.lyg.eatgo.interfaces.RestaurantControllerTest" tests="1" skipped="0" failures="0" errors="0" timestamp="2022-11-30T06:08:26" hostname="DESKTOP-E38CFI3" time="0.148">
  <properties/>
  <testcase name="createWithInValidData()" classname="com.lyg.eatgo.interfaces.RestaurantControllerTest" time="0.148"/>
  <system-out><![CDATA[15:08:24.699 [Test worker] DEBUG org.springframework.test.context.BootstrapUtils - Instantiating CacheAwareContextLoaderDelegate from class [org.springframework.test.context.cache.DefaultCacheAwareContextLoaderDelegate]
15:08:24.705 [Test worker] DEBUG org.springframework.test.context.BootstrapUtils - Instantiating BootstrapContext using constructor [public org.springframework.test.context.support.DefaultBootstrapContext(java.lang.Class,org.springframework.test.context.CacheAwareContextLoaderDelegate)]
15:08:24.729 [Test worker] DEBUG org.springframework.test.context.BootstrapUtils - Instantiating TestContextBootstrapper for test class [com.lyg.eatgo.interfaces.RestaurantControllerTest] from class [org.springframework.boot.test.autoconfigure.web.servlet.WebMvcTestContextBootstrapper]
15:08:24.737 [Test worker] INFO org.springframework.boot.test.autoconfigure.web.servlet.WebMvcTestContextBootstrapper - Neither @ContextConfiguration nor @ContextHierarchy found for test class [com.lyg.eatgo.interfaces.RestaurantControllerTest], using SpringBootContextLoader
15:08:24.739 [Test worker] DEBUG org.springframework.test.context.support.AbstractContextLoader - Did not detect default resource location for test class [com.lyg.eatgo.interfaces.RestaurantControllerTest]: class path resource [com/lyg/eatgo/interfaces/RestaurantControllerTest-context.xml] does not exist
15:08:24.741 [Test worker] DEBUG org.springframework.test.context.support.AbstractContextLoader - Did not detect default resource location for test class [com.lyg.eatgo.interfaces.RestaurantControllerTest]: class path resource [com/lyg/eatgo/interfaces/RestaurantControllerTestContext.groovy] does not exist
15:08:24.741 [Test worker] INFO org.springframework.test.context.support.AbstractContextLoader - Could not detect default resource locations for test class [com.lyg.eatgo.interfaces.RestaurantControllerTest]: no resource found for suffixes {-context.xml, Context.groovy}.
15:08:24.741 [Test worker] INFO org.springframework.test.context.support.AnnotationConfigContextLoaderUtils - Could not detect default configuration classes for test class [com.lyg.eatgo.interfaces.RestaurantControllerTest]: RestaurantControllerTest does not declare any static, non-private, non-final, nested classes annotated with @Configuration.
15:08:24.791 [Test worker] DEBUG org.springframework.test.context.support.ActiveProfilesUtils - Could not find an 'annotation declaring class' for annotation type [org.springframework.test.context.ActiveProfiles] and class [com.lyg.eatgo.interfaces.RestaurantControllerTest]
15:08:24.836 [Test worker] DEBUG org.springframework.context.annotation.ClassPathScanningCandidateComponentProvider - Identified candidate component class: file [D:\DEV\SpringBoot\eatgo\eatgo-api\build\classes\java\main\com\lyg\eatgo\EatgoApplication.class]
15:08:24.837 [Test worker] INFO org.springframework.boot.test.context.SpringBootTestContextBootstrapper - Found @SpringBootConfiguration com.lyg.eatgo.EatgoApplication for test class com.lyg.eatgo.interfaces.RestaurantControllerTest
15:08:24.839 [Test worker] DEBUG org.springframework.boot.test.autoconfigure.web.servlet.WebMvcTestContextBootstrapper - @TestExecutionListeners is not present for class [com.lyg.eatgo.interfaces.RestaurantControllerTest]: using defaults.
15:08:24.839 [Test worker] INFO org.springframework.boot.test.autoconfigure.web.servlet.WebMvcTestContextBootstrapper - Loaded default TestExecutionListener class names from location [META-INF/spring.factories]: [org.springframework.boot.test.autoconfigure.restdocs.RestDocsTestExecutionListener, org.springframework.boot.test.autoconfigure.web.client.MockRestServiceServerResetTestExecutionListener, org.springframework.boot.test.autoconfigure.web.servlet.MockMvcPrintOnlyOnFailureTestExecutionListener, org.springframework.boot.test.autoconfigure.web.servlet.WebDriverTestExecutionListener, org.springframework.boot.test.autoconfigure.webservices.client.MockWebServiceServerTestExecutionListener, org.springframework.boot.test.mock.mockito.MockitoTestExecutionListener, org.springframework.boot.test.mock.mockito.ResetMocksTestExecutionListener, org.springframework.test.context.web.ServletTestExecutionListener, org.springframework.test.context.support.DirtiesContextBeforeModesTestExecutionListener, org.springframework.test.context.event.ApplicationEventsTestExecutionListener, org.springframework.test.context.support.DependencyInjectionTestExecutionListener, org.springframework.test.context.support.DirtiesContextTestExecutionListener, org.springframework.test.context.transaction.TransactionalTestExecutionListener, org.springframework.test.context.jdbc.SqlScriptsTestExecutionListener, org.springframework.test.context.event.EventPublishingTestExecutionListener]
15:08:24.854 [Test worker] INFO org.springframework.boot.test.autoconfigure.web.servlet.WebMvcTestContextBootstrapper - Using TestExecutionListeners: [org.springframework.test.context.web.ServletTestExecutionListener@6d7316, org.springframework.test.context.support.DirtiesContextBeforeModesTestExecutionListener@8fd0a8, org.springframework.test.context.event.ApplicationEventsTestExecutionListener@bdd0ea, org.springframework.boot.test.mock.mockito.MockitoTestExecutionListener@d91646, org.springframework.boot.test.autoconfigure.SpringBootDependencyInjectionTestExecutionListener@1d73b88, org.springframework.test.context.support.DirtiesContextTestExecutionListener@1d9a5ca, org.springframework.test.context.transaction.TransactionalTestExecutionListener@1091b5b, org.springframework.test.context.jdbc.SqlScriptsTestExecutionListener@1724f9a, org.springframework.test.context.event.EventPublishingTestExecutionListener@1e324c7, org.springframework.boot.test.autoconfigure.restdocs.RestDocsTestExecutionListener@1fe2e04, org.springframework.boot.test.autoconfigure.web.client.MockRestServiceServerResetTestExecutionListener@a82b23, org.springframework.boot.test.autoconfigure.web.servlet.MockMvcPrintOnlyOnFailureTestExecutionListener@1e9bf33, org.springframework.boot.test.autoconfigure.web.servlet.WebDriverTestExecutionListener@1726a15, org.springframework.boot.test.autoconfigure.webservices.client.MockWebServiceServerTestExecutionListener@1a0ed31, org.springframework.boot.test.mock.mockito.ResetMocksTestExecutionListener@382395]
15:08:24.858 [Test worker] DEBUG org.springframework.test.context.support.AbstractDirtiesContextTestExecutionListener - Before test class: context [DefaultTestContext@3d5032 testClass = RestaurantControllerTest, testInstance = [null], testMethod = [null], testException = [null], mergedContextConfiguration = [WebMergedContextConfiguration@1a1b0b6 testClass = RestaurantControllerTest, locations = '{}', classes = '{class com.lyg.eatgo.EatgoApplication}', contextInitializerClasses = '[]', activeProfiles = '{}', propertySourceLocations = '{}', propertySourceProperties = '{org.springframework.boot.test.autoconfigure.web.servlet.WebMvcTestContextBootstrapper=true}', contextCustomizers = set[org.springframework.boot.test.autoconfigure.OverrideAutoConfigurationContextCustomizerFactory$DisableAutoConfigurationContextCustomizer@1942699, org.springframework.boot.test.autoconfigure.actuate.metrics.MetricsExportContextCustomizerFactory$DisableMetricExportContextCustomizer@6d8463, org.springframework.boot.test.autoconfigure.filter.TypeExcludeFiltersContextCustomizer@f798f1c8, org.springframework.boot.test.autoconfigure.properties.PropertyMappingContextCustomizer@350422ca, org.springframework.boot.test.autoconfigure.web.servlet.WebDriverContextCustomizerFactory$Customizer@1fbea58, [ImportsContextCustomizer@13dc33a key = [org.springframework.boot.autoconfigure.cache.CacheAutoConfiguration, org.springframework.boot.autoconfigure.context.MessageSourceAutoConfiguration, org.springframework.boot.autoconfigure.data.web.SpringDataWebAutoConfiguration, org.springframework.boot.autoconfigure.freemarker.FreeMarkerAutoConfiguration, org.springframework.boot.autoconfigure.groovy.template.GroovyTemplateAutoConfiguration, org.springframework.boot.autoconfigure.gson.GsonAutoConfiguration, org.springframework.boot.autoconfigure.hateoas.HypermediaAutoConfiguration, org.springframework.boot.autoconfigure.http.HttpMessageConvertersAutoConfiguration, org.springframework.boot.autoconfigure.jackson.JacksonAutoConfiguration, org.springframework.boot.autoconfigure.jsonb.JsonbAutoConfiguration, org.springframework.boot.autoconfigure.mustache.MustacheAutoConfiguration, org.springframework.boot.autoconfigure.task.TaskExecutionAutoConfiguration, org.springframework.boot.autoconfigure.thymeleaf.ThymeleafAutoConfiguration, org.springframework.boot.autoconfigure.validation.ValidationAutoConfiguration, org.springframework.boot.autoconfigure.web.servlet.error.ErrorMvcAutoConfiguration, org.springframework.boot.autoconfigure.web.servlet.HttpEncodingAutoConfiguration, org.springframework.boot.autoconfigure.web.servlet.WebMvcAutoConfiguration, org.springframework.boot.test.autoconfigure.web.servlet.MockMvcAutoConfiguration, org.springframework.boot.test.autoconfigure.web.servlet.MockMvcWebClientAutoConfiguration, org.springframework.boot.test.autoconfigure.web.servlet.MockMvcWebDriverAutoConfiguration, org.springframework.boot.autoconfigure.security.oauth2.client.servlet.OAuth2ClientAutoConfiguration, org.springframework.boot.autoconfigure.security.oauth2.resource.servlet.OAuth2ResourceServerAutoConfiguration, org.springframework.boot.autoconfigure.security.servlet.SecurityAutoConfiguration, org.springframework.boot.autoconfigure.security.servlet.SecurityFilterAutoConfiguration, org.springframework.boot.autoconfigure.security.servlet.UserDetailsServiceAutoConfiguration, org.springframework.boot.test.autoconfigure.web.servlet.MockMvcSecurityConfiguration, org.springframework.boot.test.autoconfigure.web.reactive.WebTestClientAutoConfiguration]], org.springframework.boot.test.context.filter.ExcludeFilterContextCustomizer@501783, org.springframework.boot.test.json.DuplicateJsonObjectContextCustomizerFactory$DuplicateJsonObjectContextCustomizer@dcbad2, org.springframework.boot.test.mock.mockito.MockitoContextCustomizer@55e06e37, org.springframework.boot.test.context.SpringBootTestArgs@1, org.springframework.boot.test.context.SpringBootTestWebEnvironment@0], resourceBasePath = 'src/main/webapp', contextLoader = 'org.springframework.boot.test.context.SpringBootContextLoader', parent = [null]], attributes = map[[empty]]], class annotated with @DirtiesContext [false] with mode [null].

  .   ____          _            __ _ _
 /\\ / ___'_ __ _ _(_)_ __  __ _ \ \ \ \
( ( )\___ | '_ | '_| | '_ \/ _` | \ \ \ \
 \\/  ___)| |_)| | | | | || (_| |  ) ) ) )
  '  |____| .__|_| |_|_| |_\__, | / / / /
 =========|_|==============|___/=/_/_/_/
 :: Spring Boot ::                (v2.7.5)

2022-11-30 15:08:25.099  INFO 9980 --- [    Test worker] c.l.e.i.RestaurantControllerTest         : Starting RestaurantControllerTest using Java 1.8.0_111 on DESKTOP-E38CFI3 with PID 9980 (started by MS in D:\DEV\SpringBoot\eatgo\eatgo-api)
2022-11-30 15:08:25.100  INFO 9980 --- [    Test worker] c.l.e.i.RestaurantControllerTest         : No active profile set, falling back to 1 default profile: "default"
2022-11-30 15:08:26.127  INFO 9980 --- [    Test worker] o.s.b.t.m.w.SpringBootMockServletContext : Initializing Spring TestDispatcherServlet ''
2022-11-30 15:08:26.127  INFO 9980 --- [    Test worker] o.s.t.web.servlet.TestDispatcherServlet  : Initializing Servlet ''
2022-11-30 15:08:26.128  INFO 9980 --- [    Test worker] o.s.t.web.servlet.TestDispatcherServlet  : Completed initialization in 1 ms
2022-11-30 15:08:26.149  INFO 9980 --- [    Test worker] c.l.e.i.RestaurantControllerTest         : Started RestaurantControllerTest in 1.263 seconds (JVM running for 3.042)
2022-11-30 15:08:26.292  WARN 9980 --- [    Test worker] .w.s.m.s.DefaultHandlerExceptionResolver : Resolved [org.springframework.web.bind.MethodArgumentNotValidException: Validation failed for argument [0] in public org.springframework.http.ResponseEntity<?> com.lyg.eatgo.interfaces.RestaurantController.create(com.lyg.eatgo.domain.Restaurant) throws java.net.URISyntaxException with 2 errors: [Field error in object 'restaurant' on field 'name': rejected value []; codes [NotEmpty.restaurant.name,NotEmpty.name,NotEmpty.java.lang.String,NotEmpty]; arguments [org.springframework.context.support.DefaultMessageSourceResolvable: codes [restaurant.name,name]; arguments []; default message [name]]; default message [must not be empty]] [Field error in object 'restaurant' on field 'address': rejected value []; codes [NotEmpty.restaurant.address,NotEmpty.address,NotEmpty.java.lang.String,NotEmpty]; arguments [org.springframework.context.support.DefaultMessageSourceResolvable: codes [restaurant.address,address]; arguments []; default message [address]]; default message [must not be empty]] ]
]]></system-out>
  <system-err><![CDATA[]]></system-err>
</testsuite>
